00:19:05.781 [main] INFO neyho.eywa.db.postgres - [postgres]Connected to jdbc:postgresql://localhost:5432/eywa_test PostgresDB
00:19:05.789 [main] INFO neyho.eywa.dataset - Initializing Datasets...
00:19:06.087 [main] INFO neyho.eywa.lacinia - Adding Lacinia shard :neyho.eywa.dataset.postgres/datasets
00:19:06.320 [clojure-agent-send-off-pool-1] INFO neyho.eywa.lacinia - Recompiling shards: [:neyho.eywa.dataset.postgres/datasets]
00:19:06.371 [clojure-agent-send-off-pool-1] INFO neyho.eywa.lacinia - Recompiling shards: [:neyho.eywa.dataset.postgres/datasets]
00:19:06.372 [main] INFO neyho.eywa.lacinia - Adding Lacinia shard :neyho.eywa.dataset/dataset-directives
00:19:06.477 [clojure-agent-send-off-pool-1] INFO neyho.eywa.lacinia - Recompiling shards: [:neyho.eywa.dataset.postgres/datasets, :neyho.eywa.dataset/dataset-directives]
00:19:06.477 [main] INFO neyho.eywa.lacinia - Adding Lacinia shard :neyho.eywa.dataset/datasets
00:19:06.541 [clojure-agent-send-off-pool-1] INFO neyho.eywa.lacinia - Recompiling shards: [:neyho.eywa.dataset.postgres/datasets, :neyho.eywa.dataset/dataset-directives, :neyho.eywa.dataset/datasets]
00:19:06.542 [clojure-agent-send-off-pool-3] INFO neyho.eywa.lacinia - Applying field directive to field :deleteDataset
00:19:06.659 [main] INFO neyho.eywa.lacinia - Adding Lacinia shard :neyho.eywa.dataset.postgres/datasets
00:19:06.721 [clojure-agent-send-off-pool-3] INFO neyho.eywa.lacinia - Recompiling shards: [:neyho.eywa.dataset.postgres/datasets, :neyho.eywa.dataset/dataset-directives, :neyho.eywa.dataset/datasets]
00:19:06.721 [clojure-agent-send-off-pool-1] INFO neyho.eywa.lacinia - Applying field directive to field :deleteDataset
00:19:06.744 [main] INFO neyho.eywa.avatars.postgres - Postgres avatars initialized!
00:19:06.744 [main] INFO neyho.eywa.administration - Initializing Administration...
00:19:06.773 [main] INFO neyho.eywa.administration - Administration initialized
00:19:06.774 [main] INFO neyho.eywa.lacinia - Adding Lacinia shard :neyho.eywa.administration/administration
00:19:06.825 [clojure-agent-send-off-pool-1] INFO neyho.eywa.lacinia - Recompiling shards: [:neyho.eywa.dataset.postgres/datasets, :neyho.eywa.dataset/dataset-directives, :neyho.eywa.dataset/datasets, :neyho.eywa.administration/administration]
00:19:06.825 [clojure-agent-send-off-pool-3] INFO neyho.eywa.lacinia - Applying field directive to field :stackPermission
00:19:06.825 [clojure-agent-send-off-pool-1] INFO neyho.eywa.lacinia - Applying field directive to field :syncPermission
00:19:06.825 [clojure-agent-send-off-pool-3] INFO neyho.eywa.lacinia - Applying field directive to field :syncUserRole
00:19:06.825 [clojure-agent-send-off-pool-1] INFO neyho.eywa.lacinia - Applying field directive to field :deleteDataset
00:19:06.825 [clojure-agent-send-off-pool-3] INFO neyho.eywa.lacinia - Applying field directive to field :sliceUserRole
00:19:06.825 [clojure-agent-send-off-pool-1] INFO neyho.eywa.lacinia - Applying field directive to field :stackUserRole
00:19:06.836 [main] INFO neyho.eywa.server - Starting EYWA server
00:19:07.126 [main] INFO neyho.eywa.server - EYWA server started @ 0.0.0.0:8080
