22:07:37.827 [main] INFO neyho.eywa.db.postgres - [postgres]Connected to jdbc:postgresql://localhost:5432/eywa_test PostgresDB
22:07:37.838 [main] INFO neyho.eywa.dataset - Initializing Datasets...
22:07:38.896 [main] ERROR neyho.eywa.dataset - Couldn't initialize Datasets...
org.postgresql.util.PSQLException: Connection to localhost:5432 refused. Check that the hostname and port are correct and that the postmaster is accepting TCP/IP connections.
	at org.postgresql.core.v3.ConnectionFactoryImpl.openConnectionImpl(ConnectionFactoryImpl.java:346)
	at org.postgresql.core.ConnectionFactory.openConnection(ConnectionFactory.java:54)
	at org.postgresql.jdbc.PgConnection.<init>(PgConnection.java:273)
	at org.postgresql.Driver.makeConnection(Driver.java:446)
	at org.postgresql.Driver.connect(Driver.java:298)
	at com.zaxxer.hikari.util.DriverDataSource.getConnection(DriverDataSource.java:137)
	at com.zaxxer.hikari.pool.PoolBase.newConnection(PoolBase.java:360)
	at com.zaxxer.hikari.pool.PoolBase.newPoolEntry(PoolBase.java:202)
	at com.zaxxer.hikari.pool.HikariPool.createPoolEntry(HikariPool.java:461)
	at com.zaxxer.hikari.pool.HikariPool.checkFailFast(HikariPool.java:550)
	at com.zaxxer.hikari.pool.HikariPool.<init>(HikariPool.java:98)
	at com.zaxxer.hikari.HikariDataSource.getConnection(HikariDataSource.java:111)
	at next.jdbc.connection$make_connection.invokeStatic(connection.clj:452)
	at next.jdbc.connection$make_connection.invoke(connection.clj:436)
	at next.jdbc.connection$fn__31562.invokeStatic(connection.clj:481)
	at next.jdbc.connection$fn__31562.invoke(connection.clj:479)
	at next.jdbc.protocols$fn__31338$G__31333__31345.invoke(protocols.clj:25)
	at next.jdbc$get_connection.invokeStatic(jdbc.clj:168)
	at next.jdbc$get_connection.invoke(jdbc.clj:147)
	at neyho.eywa.dataset.postgres$fn__33564.invokeStatic(postgres.clj:2151)
	at neyho.eywa.dataset.postgres$fn__33564.invoke(postgres.clj:1946)
	at neyho.eywa.dataset.core$fn__9843$G__9660__9852.invoke(core.cljc:233)
	at neyho.eywa.dataset.postgres$fn__33564.invokeStatic(postgres.clj:2149)
	at neyho.eywa.dataset.postgres$fn__33564.invoke(postgres.clj:1946)
	at neyho.eywa.dataset.core$fn__9843$G__9660__9852.invoke(core.cljc:233)
	at neyho.eywa.dataset$init$fn__26480.invoke(dataset.clj:394)
	at neyho.eywa.dataset$init.invokeStatic(dataset.clj:393)
	at neyho.eywa.dataset$init.invoke(dataset.clj:387)
	at neyho.eywa.dataset$init.invokeStatic(dataset.clj:389)
	at neyho.eywa.dataset$init.invoke(dataset.clj:387)
	at neyho.eywa.core$_main.invokeStatic(core.clj:263)
	at neyho.eywa.core$_main.doInvoke(core.clj:233)
	at clojure.lang.RestFn.applyTo(RestFn.java:137)
	at neyho.eywa.core.main(Unknown Source)
Caused by: java.net.ConnectException: Connection refused: no further information
	at java.base/sun.nio.ch.Net.pollConnect(Native Method)
	at java.base/sun.nio.ch.Net.pollConnectNow(Net.java:682)
	at java.base/sun.nio.ch.NioSocketImpl.timedFinishConnect(NioSocketImpl.java:542)
	at java.base/sun.nio.ch.NioSocketImpl.connect(NioSocketImpl.java:592)
	at java.base/java.net.SocksSocketImpl.connect(SocksSocketImpl.java:327)
	at java.base/java.net.Socket.connect(Socket.java:751)
	at org.postgresql.core.PGStream.createSocket(PGStream.java:243)
	at org.postgresql.core.PGStream.<init>(PGStream.java:98)
	at org.postgresql.core.v3.ConnectionFactoryImpl.tryConnect(ConnectionFactoryImpl.java:136)
	at org.postgresql.core.v3.ConnectionFactoryImpl.openConnectionImpl(ConnectionFactoryImpl.java:262)
	... 33 common frames omitted
22:07:54.410 [main] INFO neyho.eywa.db.postgres - [postgres]Connected to jdbc:postgresql://localhost:5432/eywa_test PostgresDB
22:07:54.413 [main] INFO neyho.eywa.dataset - Initializing Datasets...
22:07:54.751 [main] INFO neyho.eywa.lacinia - Adding Lacinia shard :neyho.eywa.dataset.postgres/datasets
22:07:54.997 [clojure-agent-send-off-pool-1] INFO neyho.eywa.lacinia - Recompiling shards: [:neyho.eywa.dataset.postgres/datasets]
22:07:55.057 [clojure-agent-send-off-pool-1] INFO neyho.eywa.lacinia - Recompiling shards: [:neyho.eywa.dataset.postgres/datasets]
22:07:55.057 [main] INFO neyho.eywa.lacinia - Adding Lacinia shard :neyho.eywa.dataset/dataset-directives
22:07:55.153 [clojure-agent-send-off-pool-1] INFO neyho.eywa.lacinia - Recompiling shards: [:neyho.eywa.dataset.postgres/datasets, :neyho.eywa.dataset/dataset-directives]
22:07:55.153 [main] INFO neyho.eywa.lacinia - Adding Lacinia shard :neyho.eywa.dataset/datasets
22:07:55.223 [clojure-agent-send-off-pool-1] INFO neyho.eywa.lacinia - Recompiling shards: [:neyho.eywa.dataset.postgres/datasets, :neyho.eywa.dataset/dataset-directives, :neyho.eywa.dataset/datasets]
22:07:55.224 [clojure-agent-send-off-pool-3] INFO neyho.eywa.lacinia - Applying field directive to field :deleteDataset
22:07:55.348 [main] INFO neyho.eywa.lacinia - Adding Lacinia shard :neyho.eywa.dataset.postgres/datasets
22:07:55.428 [clojure-agent-send-off-pool-3] INFO neyho.eywa.lacinia - Recompiling shards: [:neyho.eywa.dataset.postgres/datasets, :neyho.eywa.dataset/dataset-directives, :neyho.eywa.dataset/datasets]
22:07:55.428 [clojure-agent-send-off-pool-1] INFO neyho.eywa.lacinia - Applying field directive to field :deleteDataset
22:07:55.457 [main] INFO neyho.eywa.avatars.postgres - Postgres avatars initialized!
22:07:55.458 [main] INFO neyho.eywa.administration - Initializing Administration...
22:07:55.489 [main] INFO neyho.eywa.administration - Administration initialized
22:07:55.489 [main] INFO neyho.eywa.lacinia - Adding Lacinia shard :neyho.eywa.administration/administration
22:07:55.547 [clojure-agent-send-off-pool-1] INFO neyho.eywa.lacinia - Recompiling shards: [:neyho.eywa.dataset.postgres/datasets, :neyho.eywa.dataset/dataset-directives, :neyho.eywa.dataset/datasets, :neyho.eywa.administration/administration]
22:07:55.547 [clojure-agent-send-off-pool-3] INFO neyho.eywa.lacinia - Applying field directive to field :stackPermission
22:07:55.547 [clojure-agent-send-off-pool-1] INFO neyho.eywa.lacinia - Applying field directive to field :syncPermission
22:07:55.547 [clojure-agent-send-off-pool-3] INFO neyho.eywa.lacinia - Applying field directive to field :syncUserRole
22:07:55.548 [clojure-agent-send-off-pool-1] INFO neyho.eywa.lacinia - Applying field directive to field :deleteDataset
22:07:55.548 [clojure-agent-send-off-pool-3] INFO neyho.eywa.lacinia - Applying field directive to field :sliceUserRole
22:07:55.548 [clojure-agent-send-off-pool-1] INFO neyho.eywa.lacinia - Applying field directive to field :stackUserRole
22:07:55.563 [main] INFO neyho.eywa.server - Starting EYWA server
22:07:55.934 [main] INFO neyho.eywa.server - EYWA server started @ 0.0.0.0:8080
22:09:38.599 [qtp2119123648-55] INFO neyho.eywa.server - Looking for web resource: 
22:09:38.628 [qtp2119123648-84] INFO neyho.eywa.server - Looking for web resource: 
22:09:38.630 [qtp2119123648-56] INFO neyho.eywa.server - Looking for web resource: 
22:09:38.630 [qtp2119123648-55] INFO neyho.eywa.server - Looking for web resource: 
22:09:38.630 [qtp2119123648-65] INFO neyho.eywa.server - Looking for web resource: 
22:09:38.701 [qtp2119123648-61] INFO neyho.eywa.server - Looking for web resource: 
22:09:38.701 [qtp2119123648-62] INFO neyho.eywa.server - Looking for web resource: 
22:09:38.701 [qtp2119123648-83] INFO neyho.eywa.server - Looking for web resource: 
22:09:38.720 [qtp2119123648-56] INFO neyho.eywa.server - Looking for web resource: 
22:09:38.751 [qtp2119123648-61] INFO neyho.eywa.server - Looking for web resource: 
22:09:38.751 [qtp2119123648-55] INFO neyho.eywa.server - Looking for web resource: 
22:09:38.751 [qtp2119123648-65] INFO neyho.eywa.server - Looking for web resource: 
22:09:38.751 [qtp2119123648-82] INFO neyho.eywa.server - Looking for web resource: 
22:09:39.553 [qtp2119123648-56] INFO neyho.eywa.server - Looking for web resource: 
22:09:39.771 [qtp2119123648-61] INFO neyho.eywa.server - Looking for web resource: 
22:09:39.773 [qtp2119123648-62] INFO neyho.eywa.server - Looking for web resource: 
22:09:39.773 [qtp2119123648-83] INFO neyho.eywa.server - Looking for web resource: 
22:09:41.391 [qtp2119123648-55] INFO neyho.eywa.server - Looking for web resource: 
22:09:41.497 [qtp2119123648-83] INFO neyho.eywa.server - Looking for web resource: 
22:09:41.576 [qtp2119123648-55] INFO neyho.eywa.server - Looking for web resource: 
22:09:42.816 [qtp2119123648-82] INFO neyho.eywa.server - Looking for web resource: 
22:09:42.816 [qtp2119123648-83] INFO neyho.eywa.server - Looking for web resource: 
22:09:42.832 [qtp2119123648-62] INFO neyho.eywa.server - Looking for web resource: 
22:09:44.753 [qtp2119123648-83] INFO neyho.eywa.server - Looking for web resource: 
22:09:44.844 [qtp2119123648-62] INFO neyho.eywa.server - Looking for web resource: 
22:09:44.912 [qtp2119123648-83] INFO neyho.eywa.server - Looking for web resource: 
22:09:44.924 [qtp2119123648-62] INFO neyho.eywa.server - Looking for web resource: 
22:09:44.938 [qtp2119123648-83] INFO neyho.eywa.server - Looking for web resource: 
22:09:44.965 [qtp2119123648-62] INFO neyho.eywa.server - Looking for web resource: 
22:09:44.978 [qtp2119123648-83] INFO neyho.eywa.server - Looking for web resource: 
22:09:44.994 [qtp2119123648-62] INFO neyho.eywa.server - Looking for web resource: 
22:09:45.018 [qtp2119123648-83] INFO neyho.eywa.server - Looking for web resource: 
22:09:45.045 [qtp2119123648-62] INFO neyho.eywa.server - Looking for web resource: 
22:10:24.291 [qtp2119123648-62] INFO neyho.eywa.server - Looking for web resource: 
22:10:26.208 [qtp2119123648-84] INFO neyho.eywa.server - Looking for web resource: 
22:22:45.294 [qtp2119123648-56] INFO neyho.eywa.server - Looking for web resource: 
22:23:55.665 [qtp2119123648-84] INFO neyho.eywa.server - Looking for web resource: 
22:23:56.906 [qtp2119123648-56] INFO neyho.eywa.server - Looking for web resource: 
22:41:28.677 [qtp2119123648-174] INFO neyho.eywa.server - Looking for web resource: 
22:41:28.782 [qtp2119123648-138] INFO neyho.eywa.server - Looking for web resource: 
22:41:28.808 [qtp2119123648-174] INFO neyho.eywa.server - Looking for web resource: 
22:41:28.835 [qtp2119123648-138] INFO neyho.eywa.server - Looking for web resource: 
22:41:28.862 [qtp2119123648-174] INFO neyho.eywa.server - Looking for web resource: 
22:41:28.901 [qtp2119123648-138] INFO neyho.eywa.server - Looking for web resource: 
22:41:33.383 [qtp2119123648-174] INFO neyho.eywa.server - Looking for web resource: 
22:41:33.383 [qtp2119123648-91] INFO neyho.eywa.server - Looking for web resource: 
22:41:34.909 [qtp2119123648-183] INFO neyho.eywa.server - Looking for web resource: 
22:41:35.512 [qtp2119123648-91] INFO neyho.eywa.server - Looking for web resource: 
22:41:36.225 [qtp2119123648-183] INFO neyho.eywa.server - Looking for web resource: 
22:41:41.807 [qtp2119123648-91] INFO neyho.eywa.server - Looking for web resource: 
22:42:05.892 [qtp2119123648-183] INFO neyho.eywa.server - Looking for web resource: 
22:42:05.932 [qtp2119123648-174] INFO neyho.eywa.server - Looking for web resource: 
22:42:05.958 [qtp2119123648-183] INFO neyho.eywa.server - Looking for web resource: 
22:42:05.998 [qtp2119123648-174] INFO neyho.eywa.server - Looking for web resource: 
22:42:06.024 [qtp2119123648-183] INFO neyho.eywa.server - Looking for web resource: 
22:48:50.979 [qtp2119123648-57] INFO neyho.eywa.server - Looking for web resource: 
22:48:53.404 [qtp2119123648-56] INFO neyho.eywa.server - Looking for web resource: 
22:48:54.768 [qtp2119123648-174] INFO neyho.eywa.server - Looking for web resource: 
22:48:55.641 [qtp2119123648-56] INFO neyho.eywa.server - Looking for web resource: 
22:48:55.642 [qtp2119123648-65] INFO neyho.eywa.server - Looking for web resource: 
22:49:02.713 [qtp2119123648-57] INFO neyho.eywa.server - Looking for web resource: 
23:20:06.766 [main] INFO neyho.eywa.db.postgres - [postgres]Connected to jdbc:postgresql://localhost:5432/eywa_test PostgresDB
23:20:06.768 [main] INFO neyho.eywa.dataset - Initializing Datasets...
23:20:06.994 [main] INFO neyho.eywa.lacinia - Adding Lacinia shard :neyho.eywa.dataset.postgres/datasets
23:20:07.239 [clojure-agent-send-off-pool-1] INFO neyho.eywa.lacinia - Recompiling shards: [:neyho.eywa.dataset.postgres/datasets]
23:20:07.296 [clojure-agent-send-off-pool-1] INFO neyho.eywa.lacinia - Recompiling shards: [:neyho.eywa.dataset.postgres/datasets]
23:20:07.296 [main] INFO neyho.eywa.lacinia - Adding Lacinia shard :neyho.eywa.dataset/dataset-directives
23:20:07.403 [clojure-agent-send-off-pool-1] INFO neyho.eywa.lacinia - Recompiling shards: [:neyho.eywa.dataset.postgres/datasets, :neyho.eywa.dataset/dataset-directives]
23:20:07.404 [main] INFO neyho.eywa.lacinia - Adding Lacinia shard :neyho.eywa.dataset/datasets
23:20:07.464 [clojure-agent-send-off-pool-1] INFO neyho.eywa.lacinia - Recompiling shards: [:neyho.eywa.dataset.postgres/datasets, :neyho.eywa.dataset/dataset-directives, :neyho.eywa.dataset/datasets]
23:20:07.464 [clojure-agent-send-off-pool-3] INFO neyho.eywa.lacinia - Applying field directive to field :deleteDataset
23:20:07.559 [main] INFO neyho.eywa.lacinia - Adding Lacinia shard :neyho.eywa.dataset.postgres/datasets
23:20:07.622 [clojure-agent-send-off-pool-3] INFO neyho.eywa.lacinia - Recompiling shards: [:neyho.eywa.dataset.postgres/datasets, :neyho.eywa.dataset/dataset-directives, :neyho.eywa.dataset/datasets]
23:20:07.622 [clojure-agent-send-off-pool-1] INFO neyho.eywa.lacinia - Applying field directive to field :deleteDataset
23:20:07.636 [main] INFO neyho.eywa.avatars.postgres - Postgres avatars initialized!
23:20:07.636 [main] INFO neyho.eywa.administration - Initializing Administration...
23:20:07.654 [main] INFO neyho.eywa.administration - Administration initialized
23:20:07.655 [main] INFO neyho.eywa.lacinia - Adding Lacinia shard :neyho.eywa.administration/administration
23:20:07.696 [clojure-agent-send-off-pool-1] INFO neyho.eywa.lacinia - Recompiling shards: [:neyho.eywa.dataset.postgres/datasets, :neyho.eywa.dataset/dataset-directives, :neyho.eywa.dataset/datasets, :neyho.eywa.administration/administration]
23:20:07.696 [clojure-agent-send-off-pool-3] INFO neyho.eywa.lacinia - Applying field directive to field :stackPermission
23:20:07.696 [clojure-agent-send-off-pool-1] INFO neyho.eywa.lacinia - Applying field directive to field :syncPermission
23:20:07.696 [clojure-agent-send-off-pool-3] INFO neyho.eywa.lacinia - Applying field directive to field :syncUserRole
23:20:07.697 [clojure-agent-send-off-pool-1] INFO neyho.eywa.lacinia - Applying field directive to field :deleteDataset
23:20:07.697 [clojure-agent-send-off-pool-3] INFO neyho.eywa.lacinia - Applying field directive to field :sliceUserRole
23:20:07.697 [clojure-agent-send-off-pool-1] INFO neyho.eywa.lacinia - Applying field directive to field :stackUserRole
23:20:07.708 [main] INFO neyho.eywa.server - Starting EYWA server
23:20:07.963 [main] INFO neyho.eywa.server - EYWA server started @ 0.0.0.0:8080
23:22:10.709 [GraphQL Executor #19] INFO neyho.eywa.dataset - Preparing deletion context for dataset: DHMZ_mjerenja
23:22:10.713 [GraphQL Executor #19] INFO neyho.eywa.dataset - User admin destroying dataset DHMZ_mjerenja
23:22:10.735 [GraphQL Executor #19] ERROR neyho.eywa.dataset.postgres - Couldn't remove table dhmz_mjerenja
java.lang.IllegalArgumentException: Don't know how to create ISeq from: java.util.UUID
	at clojure.lang.RT.seqFrom(RT.java:557)
	at clojure.lang.RT.seq(RT.java:537)
	at clojure.core$seq__5467.invokeStatic(core.clj:139)
	at clojure.core.protocols$seq_reduce.invokeStatic(protocols.clj:24)
	at clojure.core.protocols$fn__8226.invokeStatic(protocols.clj:75)
	at clojure.core.protocols$fn__8226.invoke(protocols.clj:75)
	at clojure.core.protocols$fn__8178$G__8173__8191.invoke(protocols.clj:13)
	at clojure.core$reduce.invokeStatic(core.clj:6886)
	at clojure.core$fn__8521.invokeStatic(core.clj:6888)
	at clojure.core$fn__8521.invoke(core.clj:6888)
	at clojure.core.protocols$fn__8257$G__8252__8266.invoke(protocols.clj:175)
	at clojure.core$reduce_kv.invokeStatic(core.clj:6919)
	at clojure.core$reduce_kv.invoke(core.clj:6910)
	at neyho.eywa.dataset.postgres.query$delete_entity$fn__34732.invoke(query.clj:2662)
	at neyho.eywa.dataset.postgres.query$delete_entity.invokeStatic(query.clj:2661)
	at neyho.eywa.dataset.postgres.query$delete_entity.invoke(query.clj:2656)
	at neyho.eywa.dataset.postgres.query$fn__34771.invokeStatic(query.clj:2797)
	at neyho.eywa.dataset.postgres.query$fn__34771.invoke(query.clj:2760)
	at neyho.eywa.db$fn__26219$G__26007__26228.invoke(db.cljc:7)
	at neyho.eywa.dataset.postgres$fn__33620$fn__33622$fn__33644.invoke(postgres.clj:2096)
	at neyho.eywa.dataset.postgres$fn__33620$fn__33622.invoke(postgres.clj:2086)
	at neyho.eywa.dataset.postgres$fn__33620.invokeStatic(postgres.clj:2069)
	at neyho.eywa.dataset.postgres$fn__33620.invoke(postgres.clj:1946)
	at neyho.eywa.dataset.core$fn__9688$G__9670__9695.invoke(core.cljc:233)
	at neyho.eywa.dataset.postgres$fn__33541.invokeStatic(postgres.clj:1999)
	at neyho.eywa.dataset.postgres$fn__33541.invoke(postgres.clj:1946)
	at neyho.eywa.dataset.core$fn__9830$G__9650__9837.invoke(core.cljc:233)
	at neyho.eywa.dataset$destroy_linked_versions.invokeStatic(dataset.clj:355)
	at neyho.eywa.dataset$destroy_linked_versions.invoke(dataset.clj:349)
	at clojure.lang.Var.invoke(Var.java:393)
	at neyho.eywa.dataset$wrap_hooks$wrapped_hooks_resolver__26272$fn__26277.invoke(dataset.clj:157)
	at clojure.lang.PersistentVector.reduce(PersistentVector.java:343)
	at clojure.core$reduce.invokeStatic(core.clj:6885)
	at clojure.core$reduce.invoke(core.clj:6868)
	at neyho.eywa.dataset$wrap_hooks$wrapped_hooks_resolver__26272.invoke(dataset.clj:155)
	at com.walmartlabs.lacinia.schema$wrap_resolver_to_ensure_resolver_result$fn__12373.invoke(schema.clj:1025)
	at com.walmartlabs.lacinia.executor$invoke_resolver_for_field.invokeStatic(executor.clj:86)
	at com.walmartlabs.lacinia.executor$invoke_resolver_for_field.invoke(executor.clj:68)
	at com.walmartlabs.lacinia.executor$resolve_and_select.invokeStatic(executor.clj:360)
	at com.walmartlabs.lacinia.executor$resolve_and_select.invoke(executor.clj:241)
	at com.walmartlabs.lacinia.executor$apply_field_selection.invokeStatic(executor.clj:140)
	at com.walmartlabs.lacinia.executor$apply_field_selection.invoke(executor.clj:135)
	at com.walmartlabs.lacinia.executor$apply_selection.invokeStatic(executor.clj:173)
	at com.walmartlabs.lacinia.executor$apply_selection.invoke(executor.clj:165)
	at com.walmartlabs.lacinia.executor$combine_selection_results_sync$fn__21872.invoke(executor.clj:219)
	at com.walmartlabs.lacinia.resolve.ResolverResultImpl.on_deliver_BANG_(resolve.clj:139)
	at com.walmartlabs.lacinia.executor$combine_selection_results_sync.invokeStatic(executor.clj:215)
	at com.walmartlabs.lacinia.executor$combine_selection_results_sync.invoke(executor.clj:210)
	at com.walmartlabs.lacinia.executor$execute_nested_selections_sync$fn__21879.invoke(executor.clj:237)
	at clojure.lang.ArrayChunk.reduce(ArrayChunk.java:58)
	at clojure.core.protocols$fn__8244.invokeStatic(protocols.clj:136)
	at clojure.core.protocols$fn__8244.invoke(protocols.clj:124)
	at clojure.core.protocols$fn__8204$G__8199__8213.invoke(protocols.clj:19)
	at clojure.core.protocols$seq_reduce.invokeStatic(protocols.clj:31)
	at clojure.core.protocols$fn__8236.invokeStatic(protocols.clj:75)
	at clojure.core.protocols$fn__8236.invoke(protocols.clj:75)
	at clojure.core.protocols$fn__8178$G__8173__8191.invoke(protocols.clj:13)
	at clojure.core$reduce.invokeStatic(core.clj:6886)
	at clojure.core$reduce.invoke(core.clj:6868)
	at com.walmartlabs.lacinia.executor$execute_nested_selections_sync.invokeStatic(executor.clj:237)
	at com.walmartlabs.lacinia.executor$execute_nested_selections_sync.invoke(executor.clj:228)
	at com.walmartlabs.lacinia.executor$execute_query$fn__21904.invoke(executor.clj:408)
	at clojure.lang.AFn.applyToHelper(AFn.java:152)
	at clojure.lang.AFn.applyTo(AFn.java:144)
	at clojure.core$apply.invokeStatic(core.clj:667)
	at clojure.core$with_bindings_STAR_.invokeStatic(core.clj:1990)
	at clojure.core$with_bindings_STAR_.doInvoke(core.clj:1990)
	at clojure.lang.RestFn.invoke(RestFn.java:425)
	at clojure.lang.AFn.applyToHelper(AFn.java:156)
	at clojure.lang.RestFn.applyTo(RestFn.java:132)
	at clojure.core$apply.invokeStatic(core.clj:671)
	at clojure.core$bound_fn_STAR_$fn__5818.doInvoke(core.clj:2020)
	at clojure.lang.RestFn.invoke(RestFn.java:397)
	at clojure.lang.AFn.run(AFn.java:22)
	at java.base/java.util.concurrent.ThreadPoolExecutor.runWorker(ThreadPoolExecutor.java:1144)
	at java.base/java.util.concurrent.ThreadPoolExecutor$Worker.run(ThreadPoolExecutor.java:642)
	at java.base/java.lang.Thread.run(Thread.java:1583)
23:22:10.764 [GraphQL Executor #19] INFO neyho.eywa.lacinia - Adding Lacinia shard :neyho.eywa.dataset.postgres/datasets
23:22:10.812 [clojure-agent-send-off-pool-2] INFO neyho.eywa.lacinia - Recompiling shards: [:neyho.eywa.dataset.postgres/datasets, :neyho.eywa.dataset/dataset-directives, :neyho.eywa.dataset/datasets, :neyho.eywa.administration/administration]
23:22:10.812 [GraphQL Executor #19] INFO neyho.eywa.dataset.postgres - Destroying dataset version DHMZ_mjerenja@1.0
23:22:10.813 [clojure-agent-send-off-pool-4] INFO neyho.eywa.lacinia - Applying field directive to field :stackPermission
23:22:10.813 [clojure-agent-send-off-pool-2] INFO neyho.eywa.lacinia - Applying field directive to field :syncPermission
23:22:10.813 [clojure-agent-send-off-pool-4] INFO neyho.eywa.lacinia - Applying field directive to field :syncUserRole
23:22:10.813 [clojure-agent-send-off-pool-2] INFO neyho.eywa.lacinia - Applying field directive to field :deleteDataset
23:22:10.813 [clojure-agent-send-off-pool-4] INFO neyho.eywa.lacinia - Applying field directive to field :sliceUserRole
23:22:10.813 [clojure-agent-send-off-pool-2] INFO neyho.eywa.lacinia - Applying field directive to field :stackUserRole
23:22:10.853 [GraphQL Executor #19] INFO neyho.eywa.lacinia - Adding Lacinia shard :neyho.eywa.dataset.postgres/datasets
23:22:10.894 [clojure-agent-send-off-pool-2] INFO neyho.eywa.lacinia - Recompiling shards: [:neyho.eywa.dataset.postgres/datasets, :neyho.eywa.dataset/dataset-directives, :neyho.eywa.dataset/datasets, :neyho.eywa.administration/administration]
23:22:10.894 [clojure-agent-send-off-pool-4] INFO neyho.eywa.lacinia - Applying field directive to field :stackPermission
23:22:10.895 [clojure-agent-send-off-pool-2] INFO neyho.eywa.lacinia - Applying field directive to field :syncPermission
23:22:10.895 [clojure-agent-send-off-pool-4] INFO neyho.eywa.lacinia - Applying field directive to field :syncUserRole
23:22:10.895 [clojure-agent-send-off-pool-2] INFO neyho.eywa.lacinia - Applying field directive to field :deleteDataset
23:22:10.895 [clojure-agent-send-off-pool-4] INFO neyho.eywa.lacinia - Applying field directive to field :sliceUserRole
23:22:10.895 [clojure-agent-send-off-pool-2] INFO neyho.eywa.lacinia - Applying field directive to field :stackUserRole
23:30:00.507 [GraphQL Executor #245] INFO neyho.eywa.dataset - User admin deploying dataset DHMZ_mjerenja@1.0
23:30:00.514 [GraphQL Executor #245] INFO neyho.eywa.dataset.postgres - Generating new entities...
23:30:00.516 [GraphQL Executor #245] INFO neyho.eywa.dataset.postgres - Generating constraint DHMZ Mjerenja e9476bca-908c-47cc-84a5-a9eec5f787d6
23:30:00.551 [GraphQL Executor #245] INFO neyho.eywa.lacinia - Adding Lacinia shard :neyho.eywa.dataset.postgres/datasets
23:30:00.603 [GraphQL Executor #245] INFO neyho.eywa.dataset.postgres - Preparing model for DB
23:30:00.603 [clojure-agent-send-off-pool-2] INFO neyho.eywa.lacinia - Recompiling shards: [:neyho.eywa.dataset.postgres/datasets, :neyho.eywa.dataset/dataset-directives, :neyho.eywa.dataset/datasets, :neyho.eywa.administration/administration]
23:30:00.604 [clojure-agent-send-off-pool-5] INFO neyho.eywa.lacinia - Applying field directive to field :stackPermission
23:30:00.604 [clojure-agent-send-off-pool-2] INFO neyho.eywa.lacinia - Applying field directive to field :syncPermission
23:30:00.604 [clojure-agent-send-off-pool-5] INFO neyho.eywa.lacinia - Applying field directive to field :syncUserRole
23:30:00.604 [clojure-agent-send-off-pool-2] INFO neyho.eywa.lacinia - Applying field directive to field :deleteDataset
23:30:00.604 [clojure-agent-send-off-pool-5] INFO neyho.eywa.lacinia - Applying field directive to field :sliceUserRole
23:30:00.604 [clojure-agent-send-off-pool-2] INFO neyho.eywa.lacinia - Applying field directive to field :stackUserRole
23:30:00.648 [GraphQL Executor #245] INFO neyho.eywa.dataset - User admin deployed version DHMZ_mjerenja@1.0
23:35:29.593 [GraphQL Executor #425] INFO neyho.eywa.dataset - Preparing deletion context for dataset: Relations_test
23:35:29.596 [GraphQL Executor #425] INFO neyho.eywa.dataset - User admin destroying dataset Relations_test
23:36:47.633 [GraphQL Executor #509] INFO neyho.eywa.dataset - Preparing deletion context for dataset: DHMZ_mjerenja
23:36:47.636 [GraphQL Executor #509] INFO neyho.eywa.dataset - User admin destroying dataset DHMZ_mjerenja
23:36:47.643 [GraphQL Executor #509] ERROR neyho.eywa.dataset.postgres - Couldn't remove table dhmz_mjerenja
java.lang.IllegalArgumentException: Don't know how to create ISeq from: java.util.UUID
	at clojure.lang.RT.seqFrom(RT.java:557)
	at clojure.lang.RT.seq(RT.java:537)
	at clojure.core$seq__5467.invokeStatic(core.clj:139)
	at clojure.core.protocols$seq_reduce.invokeStatic(protocols.clj:24)
	at clojure.core.protocols$fn__8226.invokeStatic(protocols.clj:75)
	at clojure.core.protocols$fn__8226.invoke(protocols.clj:75)
	at clojure.core.protocols$fn__8178$G__8173__8191.invoke(protocols.clj:13)
	at clojure.core$reduce.invokeStatic(core.clj:6886)
	at clojure.core$fn__8521.invokeStatic(core.clj:6888)
	at clojure.core$fn__8521.invoke(core.clj:6888)
	at clojure.core.protocols$fn__8257$G__8252__8266.invoke(protocols.clj:175)
	at clojure.core$reduce_kv.invokeStatic(core.clj:6919)
	at clojure.core$reduce_kv.invoke(core.clj:6910)
	at neyho.eywa.dataset.postgres.query$delete_entity$fn__34732.invoke(query.clj:2662)
	at neyho.eywa.dataset.postgres.query$delete_entity.invokeStatic(query.clj:2661)
	at neyho.eywa.dataset.postgres.query$delete_entity.invoke(query.clj:2656)
	at neyho.eywa.dataset.postgres.query$fn__34771.invokeStatic(query.clj:2797)
	at neyho.eywa.dataset.postgres.query$fn__34771.invoke(query.clj:2760)
	at neyho.eywa.db$fn__26219$G__26007__26228.invoke(db.cljc:7)
	at neyho.eywa.dataset.postgres$fn__33620$fn__33622$fn__33644.invoke(postgres.clj:2096)
	at neyho.eywa.dataset.postgres$fn__33620$fn__33622.invoke(postgres.clj:2086)
	at neyho.eywa.dataset.postgres$fn__33620.invokeStatic(postgres.clj:2069)
	at neyho.eywa.dataset.postgres$fn__33620.invoke(postgres.clj:1946)
	at neyho.eywa.dataset.core$fn__9688$G__9670__9695.invoke(core.cljc:233)
	at neyho.eywa.dataset.postgres$fn__33541.invokeStatic(postgres.clj:1999)
	at neyho.eywa.dataset.postgres$fn__33541.invoke(postgres.clj:1946)
	at neyho.eywa.dataset.core$fn__9830$G__9650__9837.invoke(core.cljc:233)
	at neyho.eywa.dataset$destroy_linked_versions.invokeStatic(dataset.clj:355)
	at neyho.eywa.dataset$destroy_linked_versions.invoke(dataset.clj:349)
	at clojure.lang.Var.invoke(Var.java:393)
	at neyho.eywa.dataset$wrap_hooks$wrapped_hooks_resolver__26272$fn__26277.invoke(dataset.clj:157)
	at clojure.lang.PersistentVector.reduce(PersistentVector.java:343)
	at clojure.core$reduce.invokeStatic(core.clj:6885)
	at clojure.core$reduce.invoke(core.clj:6868)
	at neyho.eywa.dataset$wrap_hooks$wrapped_hooks_resolver__26272.invoke(dataset.clj:155)
	at com.walmartlabs.lacinia.schema$wrap_resolver_to_ensure_resolver_result$fn__12373.invoke(schema.clj:1025)
	at com.walmartlabs.lacinia.executor$invoke_resolver_for_field.invokeStatic(executor.clj:86)
	at com.walmartlabs.lacinia.executor$invoke_resolver_for_field.invoke(executor.clj:68)
	at com.walmartlabs.lacinia.executor$resolve_and_select.invokeStatic(executor.clj:360)
	at com.walmartlabs.lacinia.executor$resolve_and_select.invoke(executor.clj:241)
	at com.walmartlabs.lacinia.executor$apply_field_selection.invokeStatic(executor.clj:140)
	at com.walmartlabs.lacinia.executor$apply_field_selection.invoke(executor.clj:135)
	at com.walmartlabs.lacinia.executor$apply_selection.invokeStatic(executor.clj:173)
	at com.walmartlabs.lacinia.executor$apply_selection.invoke(executor.clj:165)
	at com.walmartlabs.lacinia.executor$combine_selection_results_sync$fn__21872.invoke(executor.clj:219)
	at com.walmartlabs.lacinia.resolve.ResolverResultImpl.on_deliver_BANG_(resolve.clj:139)
	at com.walmartlabs.lacinia.executor$combine_selection_results_sync.invokeStatic(executor.clj:215)
	at com.walmartlabs.lacinia.executor$combine_selection_results_sync.invoke(executor.clj:210)
	at com.walmartlabs.lacinia.executor$execute_nested_selections_sync$fn__21879.invoke(executor.clj:237)
	at clojure.lang.ArrayChunk.reduce(ArrayChunk.java:58)
	at clojure.core.protocols$fn__8244.invokeStatic(protocols.clj:136)
	at clojure.core.protocols$fn__8244.invoke(protocols.clj:124)
	at clojure.core.protocols$fn__8204$G__8199__8213.invoke(protocols.clj:19)
	at clojure.core.protocols$seq_reduce.invokeStatic(protocols.clj:31)
	at clojure.core.protocols$fn__8236.invokeStatic(protocols.clj:75)
	at clojure.core.protocols$fn__8236.invoke(protocols.clj:75)
	at clojure.core.protocols$fn__8178$G__8173__8191.invoke(protocols.clj:13)
	at clojure.core$reduce.invokeStatic(core.clj:6886)
	at clojure.core$reduce.invoke(core.clj:6868)
	at com.walmartlabs.lacinia.executor$execute_nested_selections_sync.invokeStatic(executor.clj:237)
	at com.walmartlabs.lacinia.executor$execute_nested_selections_sync.invoke(executor.clj:228)
	at com.walmartlabs.lacinia.executor$execute_query$fn__21904.invoke(executor.clj:408)
	at clojure.lang.AFn.applyToHelper(AFn.java:152)
	at clojure.lang.AFn.applyTo(AFn.java:144)
	at clojure.core$apply.invokeStatic(core.clj:667)
	at clojure.core$with_bindings_STAR_.invokeStatic(core.clj:1990)
	at clojure.core$with_bindings_STAR_.doInvoke(core.clj:1990)
	at clojure.lang.RestFn.invoke(RestFn.java:425)
	at clojure.lang.AFn.applyToHelper(AFn.java:156)
	at clojure.lang.RestFn.applyTo(RestFn.java:132)
	at clojure.core$apply.invokeStatic(core.clj:671)
	at clojure.core$bound_fn_STAR_$fn__5818.doInvoke(core.clj:2020)
	at clojure.lang.RestFn.invoke(RestFn.java:397)
	at clojure.lang.AFn.run(AFn.java:22)
	at java.base/java.util.concurrent.ThreadPoolExecutor.runWorker(ThreadPoolExecutor.java:1144)
	at java.base/java.util.concurrent.ThreadPoolExecutor$Worker.run(ThreadPoolExecutor.java:642)
	at java.base/java.lang.Thread.run(Thread.java:1583)
23:36:47.657 [GraphQL Executor #509] INFO neyho.eywa.lacinia - Adding Lacinia shard :neyho.eywa.dataset.postgres/datasets
23:36:47.694 [clojure-agent-send-off-pool-2] INFO neyho.eywa.lacinia - Recompiling shards: [:neyho.eywa.dataset.postgres/datasets, :neyho.eywa.dataset/dataset-directives, :neyho.eywa.dataset/datasets, :neyho.eywa.administration/administration]
23:36:47.694 [GraphQL Executor #509] INFO neyho.eywa.dataset.postgres - Destroying dataset version DHMZ_mjerenja@1.0
23:36:47.694 [clojure-agent-send-off-pool-6] INFO neyho.eywa.lacinia - Applying field directive to field :stackPermission
23:36:47.695 [clojure-agent-send-off-pool-2] INFO neyho.eywa.lacinia - Applying field directive to field :syncPermission
23:36:47.695 [clojure-agent-send-off-pool-6] INFO neyho.eywa.lacinia - Applying field directive to field :syncUserRole
23:36:47.695 [clojure-agent-send-off-pool-2] INFO neyho.eywa.lacinia - Applying field directive to field :deleteDataset
23:36:47.695 [clojure-agent-send-off-pool-6] INFO neyho.eywa.lacinia - Applying field directive to field :sliceUserRole
23:36:47.695 [clojure-agent-send-off-pool-2] INFO neyho.eywa.lacinia - Applying field directive to field :stackUserRole
23:36:47.725 [GraphQL Executor #509] INFO neyho.eywa.lacinia - Adding Lacinia shard :neyho.eywa.dataset.postgres/datasets
23:36:47.761 [clojure-agent-send-off-pool-2] INFO neyho.eywa.lacinia - Recompiling shards: [:neyho.eywa.dataset.postgres/datasets, :neyho.eywa.dataset/dataset-directives, :neyho.eywa.dataset/datasets, :neyho.eywa.administration/administration]
23:36:47.761 [clojure-agent-send-off-pool-6] INFO neyho.eywa.lacinia - Applying field directive to field :stackPermission
23:36:47.762 [clojure-agent-send-off-pool-2] INFO neyho.eywa.lacinia - Applying field directive to field :syncPermission
23:36:47.762 [clojure-agent-send-off-pool-6] INFO neyho.eywa.lacinia - Applying field directive to field :syncUserRole
23:36:47.762 [clojure-agent-send-off-pool-2] INFO neyho.eywa.lacinia - Applying field directive to field :deleteDataset
23:36:47.762 [clojure-agent-send-off-pool-6] INFO neyho.eywa.lacinia - Applying field directive to field :sliceUserRole
23:36:47.762 [clojure-agent-send-off-pool-2] INFO neyho.eywa.lacinia - Applying field directive to field :stackUserRole
23:37:30.017 [GraphQL Executor #553] INFO neyho.eywa.dataset - User admin deploying dataset DHMZ_Mjerenja@1.0
23:37:30.020 [GraphQL Executor #553] INFO neyho.eywa.dataset.postgres - Generating new entities...
23:37:30.020 [GraphQL Executor #553] INFO neyho.eywa.dataset.postgres - Generating constraint DHMZ Mjerenja e9476bca-908c-47cc-84a5-a9eec5f787d6
23:37:30.041 [GraphQL Executor #553] INFO neyho.eywa.lacinia - Adding Lacinia shard :neyho.eywa.dataset.postgres/datasets
23:37:30.079 [clojure-agent-send-off-pool-2] INFO neyho.eywa.lacinia - Recompiling shards: [:neyho.eywa.dataset.postgres/datasets, :neyho.eywa.dataset/dataset-directives, :neyho.eywa.dataset/datasets, :neyho.eywa.administration/administration]
23:37:30.079 [GraphQL Executor #553] INFO neyho.eywa.dataset.postgres - Preparing model for DB
23:37:30.079 [clojure-agent-send-off-pool-6] INFO neyho.eywa.lacinia - Applying field directive to field :stackPermission
23:37:30.080 [clojure-agent-send-off-pool-2] INFO neyho.eywa.lacinia - Applying field directive to field :syncPermission
23:37:30.080 [clojure-agent-send-off-pool-6] INFO neyho.eywa.lacinia - Applying field directive to field :syncUserRole
23:37:30.080 [clojure-agent-send-off-pool-2] INFO neyho.eywa.lacinia - Applying field directive to field :deleteDataset
23:37:30.080 [clojure-agent-send-off-pool-6] INFO neyho.eywa.lacinia - Applying field directive to field :sliceUserRole
23:37:30.080 [clojure-agent-send-off-pool-2] INFO neyho.eywa.lacinia - Applying field directive to field :stackUserRole
23:37:30.108 [GraphQL Executor #553] INFO neyho.eywa.dataset - User admin deployed version DHMZ_Mjerenja@1.0
23:38:12.977 [GraphQL Executor #589] INFO neyho.eywa.dataset - Preparing deletion context for dataset: DHMZ_Mjerenja
23:38:12.979 [GraphQL Executor #589] INFO neyho.eywa.dataset - User admin destroying dataset DHMZ_Mjerenja
23:38:12.985 [GraphQL Executor #589] ERROR neyho.eywa.dataset.postgres - Couldn't remove table dhmz_mjerenja
java.lang.IllegalArgumentException: Don't know how to create ISeq from: java.util.UUID
	at clojure.lang.RT.seqFrom(RT.java:557)
	at clojure.lang.RT.seq(RT.java:537)
	at clojure.core$seq__5467.invokeStatic(core.clj:139)
	at clojure.core.protocols$seq_reduce.invokeStatic(protocols.clj:24)
	at clojure.core.protocols$fn__8226.invokeStatic(protocols.clj:75)
	at clojure.core.protocols$fn__8226.invoke(protocols.clj:75)
	at clojure.core.protocols$fn__8178$G__8173__8191.invoke(protocols.clj:13)
	at clojure.core$reduce.invokeStatic(core.clj:6886)
	at clojure.core$fn__8521.invokeStatic(core.clj:6888)
	at clojure.core$fn__8521.invoke(core.clj:6888)
	at clojure.core.protocols$fn__8257$G__8252__8266.invoke(protocols.clj:175)
	at clojure.core$reduce_kv.invokeStatic(core.clj:6919)
	at clojure.core$reduce_kv.invoke(core.clj:6910)
	at neyho.eywa.dataset.postgres.query$delete_entity$fn__34732.invoke(query.clj:2662)
	at neyho.eywa.dataset.postgres.query$delete_entity.invokeStatic(query.clj:2661)
	at neyho.eywa.dataset.postgres.query$delete_entity.invoke(query.clj:2656)
	at neyho.eywa.dataset.postgres.query$fn__34771.invokeStatic(query.clj:2797)
	at neyho.eywa.dataset.postgres.query$fn__34771.invoke(query.clj:2760)
	at neyho.eywa.db$fn__26219$G__26007__26228.invoke(db.cljc:7)
	at neyho.eywa.dataset.postgres$fn__33620$fn__33622$fn__33644.invoke(postgres.clj:2096)
	at neyho.eywa.dataset.postgres$fn__33620$fn__33622.invoke(postgres.clj:2086)
	at neyho.eywa.dataset.postgres$fn__33620.invokeStatic(postgres.clj:2069)
	at neyho.eywa.dataset.postgres$fn__33620.invoke(postgres.clj:1946)
	at neyho.eywa.dataset.core$fn__9688$G__9670__9695.invoke(core.cljc:233)
	at neyho.eywa.dataset.postgres$fn__33541.invokeStatic(postgres.clj:1999)
	at neyho.eywa.dataset.postgres$fn__33541.invoke(postgres.clj:1946)
	at neyho.eywa.dataset.core$fn__9830$G__9650__9837.invoke(core.cljc:233)
	at neyho.eywa.dataset$destroy_linked_versions.invokeStatic(dataset.clj:355)
	at neyho.eywa.dataset$destroy_linked_versions.invoke(dataset.clj:349)
	at clojure.lang.Var.invoke(Var.java:393)
	at neyho.eywa.dataset$wrap_hooks$wrapped_hooks_resolver__26272$fn__26277.invoke(dataset.clj:157)
	at clojure.lang.PersistentVector.reduce(PersistentVector.java:343)
	at clojure.core$reduce.invokeStatic(core.clj:6885)
	at clojure.core$reduce.invoke(core.clj:6868)
	at neyho.eywa.dataset$wrap_hooks$wrapped_hooks_resolver__26272.invoke(dataset.clj:155)
	at com.walmartlabs.lacinia.schema$wrap_resolver_to_ensure_resolver_result$fn__12373.invoke(schema.clj:1025)
	at com.walmartlabs.lacinia.executor$invoke_resolver_for_field.invokeStatic(executor.clj:86)
	at com.walmartlabs.lacinia.executor$invoke_resolver_for_field.invoke(executor.clj:68)
	at com.walmartlabs.lacinia.executor$resolve_and_select.invokeStatic(executor.clj:360)
	at com.walmartlabs.lacinia.executor$resolve_and_select.invoke(executor.clj:241)
	at com.walmartlabs.lacinia.executor$apply_field_selection.invokeStatic(executor.clj:140)
	at com.walmartlabs.lacinia.executor$apply_field_selection.invoke(executor.clj:135)
	at com.walmartlabs.lacinia.executor$apply_selection.invokeStatic(executor.clj:173)
	at com.walmartlabs.lacinia.executor$apply_selection.invoke(executor.clj:165)
	at com.walmartlabs.lacinia.executor$combine_selection_results_sync$fn__21872.invoke(executor.clj:219)
	at com.walmartlabs.lacinia.resolve.ResolverResultImpl.on_deliver_BANG_(resolve.clj:139)
	at com.walmartlabs.lacinia.executor$combine_selection_results_sync.invokeStatic(executor.clj:215)
	at com.walmartlabs.lacinia.executor$combine_selection_results_sync.invoke(executor.clj:210)
	at com.walmartlabs.lacinia.executor$execute_nested_selections_sync$fn__21879.invoke(executor.clj:237)
	at clojure.lang.ArrayChunk.reduce(ArrayChunk.java:58)
	at clojure.core.protocols$fn__8244.invokeStatic(protocols.clj:136)
	at clojure.core.protocols$fn__8244.invoke(protocols.clj:124)
	at clojure.core.protocols$fn__8204$G__8199__8213.invoke(protocols.clj:19)
	at clojure.core.protocols$seq_reduce.invokeStatic(protocols.clj:31)
	at clojure.core.protocols$fn__8236.invokeStatic(protocols.clj:75)
	at clojure.core.protocols$fn__8236.invoke(protocols.clj:75)
	at clojure.core.protocols$fn__8178$G__8173__8191.invoke(protocols.clj:13)
	at clojure.core$reduce.invokeStatic(core.clj:6886)
	at clojure.core$reduce.invoke(core.clj:6868)
	at com.walmartlabs.lacinia.executor$execute_nested_selections_sync.invokeStatic(executor.clj:237)
	at com.walmartlabs.lacinia.executor$execute_nested_selections_sync.invoke(executor.clj:228)
	at com.walmartlabs.lacinia.executor$execute_query$fn__21904.invoke(executor.clj:408)
	at clojure.lang.AFn.applyToHelper(AFn.java:152)
	at clojure.lang.AFn.applyTo(AFn.java:144)
	at clojure.core$apply.invokeStatic(core.clj:667)
	at clojure.core$with_bindings_STAR_.invokeStatic(core.clj:1990)
	at clojure.core$with_bindings_STAR_.doInvoke(core.clj:1990)
	at clojure.lang.RestFn.invoke(RestFn.java:425)
	at clojure.lang.AFn.applyToHelper(AFn.java:156)
	at clojure.lang.RestFn.applyTo(RestFn.java:132)
	at clojure.core$apply.invokeStatic(core.clj:671)
	at clojure.core$bound_fn_STAR_$fn__5818.doInvoke(core.clj:2020)
	at clojure.lang.RestFn.invoke(RestFn.java:397)
	at clojure.lang.AFn.run(AFn.java:22)
	at java.base/java.util.concurrent.ThreadPoolExecutor.runWorker(ThreadPoolExecutor.java:1144)
	at java.base/java.util.concurrent.ThreadPoolExecutor$Worker.run(ThreadPoolExecutor.java:642)
	at java.base/java.lang.Thread.run(Thread.java:1583)
23:38:12.998 [GraphQL Executor #589] INFO neyho.eywa.lacinia - Adding Lacinia shard :neyho.eywa.dataset.postgres/datasets
23:38:13.033 [GraphQL Executor #589] INFO neyho.eywa.dataset.postgres - Destroying dataset version DHMZ_Mjerenja@1.0
23:38:13.033 [clojure-agent-send-off-pool-1] INFO neyho.eywa.lacinia - Recompiling shards: [:neyho.eywa.dataset.postgres/datasets, :neyho.eywa.dataset/dataset-directives, :neyho.eywa.dataset/datasets, :neyho.eywa.administration/administration]
23:38:13.033 [clojure-agent-send-off-pool-6] INFO neyho.eywa.lacinia - Applying field directive to field :stackPermission
23:38:13.033 [clojure-agent-send-off-pool-1] INFO neyho.eywa.lacinia - Applying field directive to field :syncPermission
23:38:13.033 [clojure-agent-send-off-pool-6] INFO neyho.eywa.lacinia - Applying field directive to field :syncUserRole
23:38:13.034 [clojure-agent-send-off-pool-1] INFO neyho.eywa.lacinia - Applying field directive to field :deleteDataset
23:38:13.034 [clojure-agent-send-off-pool-6] INFO neyho.eywa.lacinia - Applying field directive to field :sliceUserRole
23:38:13.034 [clojure-agent-send-off-pool-1] INFO neyho.eywa.lacinia - Applying field directive to field :stackUserRole
23:38:13.056 [GraphQL Executor #589] INFO neyho.eywa.lacinia - Adding Lacinia shard :neyho.eywa.dataset.postgres/datasets
23:38:13.087 [clojure-agent-send-off-pool-1] INFO neyho.eywa.lacinia - Recompiling shards: [:neyho.eywa.dataset.postgres/datasets, :neyho.eywa.dataset/dataset-directives, :neyho.eywa.dataset/datasets, :neyho.eywa.administration/administration]
23:38:13.087 [clojure-agent-send-off-pool-6] INFO neyho.eywa.lacinia - Applying field directive to field :stackPermission
23:38:13.088 [clojure-agent-send-off-pool-1] INFO neyho.eywa.lacinia - Applying field directive to field :syncPermission
23:38:13.088 [clojure-agent-send-off-pool-6] INFO neyho.eywa.lacinia - Applying field directive to field :syncUserRole
23:38:13.088 [clojure-agent-send-off-pool-1] INFO neyho.eywa.lacinia - Applying field directive to field :deleteDataset
23:38:13.088 [clojure-agent-send-off-pool-6] INFO neyho.eywa.lacinia - Applying field directive to field :sliceUserRole
23:38:13.088 [clojure-agent-send-off-pool-1] INFO neyho.eywa.lacinia - Applying field directive to field :stackUserRole
23:38:50.706 [GraphQL Executor #641] INFO neyho.eywa.dataset - User admin deploying dataset DHMZ_Mjerenja@1.0
23:38:50.709 [GraphQL Executor #641] INFO neyho.eywa.dataset.postgres - Generating new entities...
23:38:50.709 [GraphQL Executor #641] INFO neyho.eywa.dataset.postgres - Generating constraint DHMZ Mjerenja e9476bca-908c-47cc-84a5-a9eec5f787d6
23:38:50.727 [GraphQL Executor #641] INFO neyho.eywa.lacinia - Adding Lacinia shard :neyho.eywa.dataset.postgres/datasets
23:38:50.761 [GraphQL Executor #641] INFO neyho.eywa.dataset.postgres - Preparing model for DB
23:38:50.761 [clojure-agent-send-off-pool-0] INFO neyho.eywa.lacinia - Recompiling shards: [:neyho.eywa.dataset.postgres/datasets, :neyho.eywa.dataset/dataset-directives, :neyho.eywa.dataset/datasets, :neyho.eywa.administration/administration]
23:38:50.761 [clojure-agent-send-off-pool-6] INFO neyho.eywa.lacinia - Applying field directive to field :stackPermission
23:38:50.762 [clojure-agent-send-off-pool-0] INFO neyho.eywa.lacinia - Applying field directive to field :syncPermission
23:38:50.762 [clojure-agent-send-off-pool-6] INFO neyho.eywa.lacinia - Applying field directive to field :syncUserRole
23:38:50.762 [clojure-agent-send-off-pool-0] INFO neyho.eywa.lacinia - Applying field directive to field :deleteDataset
23:38:50.762 [clojure-agent-send-off-pool-6] INFO neyho.eywa.lacinia - Applying field directive to field :sliceUserRole
23:38:50.762 [clojure-agent-send-off-pool-0] INFO neyho.eywa.lacinia - Applying field directive to field :stackUserRole
23:38:50.783 [GraphQL Executor #641] INFO neyho.eywa.dataset - User admin deployed version DHMZ_Mjerenja@1.0
